{"C:\\Users\\Admin\\Desktop\\-PTP101CodeAcademy3\\31.react-mini-project\\src\\pages\\client\\Contact.jsx": {"path":"C:\\Users\\Admin\\Desktop\\-PTP101CodeAcademy3\\31.react-mini-project\\src\\pages\\client\\Contact.jsx","all":false,"statementMap":{"0":{"start":{"line":1,"column":0},"end":{"line":1,"column":35}},"1":{"start":{"line":2,"column":0},"end":{"line":2,"column":27}},"2":{"start":{"line":3,"column":0},"end":{"line":3,"column":81}},"3":{"start":{"line":4,"column":0},"end":{"line":4,"column":58}},"5":{"start":{"line":6,"column":0},"end":{"line":6,"column":23}},"6":{"start":{"line":7,"column":0},"end":{"line":7,"column":28}},"7":{"start":{"line":8,"column":0},"end":{"line":8,"column":20}},"8":{"start":{"line":9,"column":0},"end":{"line":9,"column":19}},"9":{"start":{"line":10,"column":0},"end":{"line":10,"column":16}},"10":{"start":{"line":11,"column":0},"end":{"line":11,"column":18}},"11":{"start":{"line":12,"column":0},"end":{"line":12,"column":17}},"12":{"start":{"line":13,"column":0},"end":{"line":13,"column":6}},"13":{"start":{"line":14,"column":0},"end":{"line":14,"column":34}},"14":{"start":{"line":15,"column":0},"end":{"line":15,"column":63}},"15":{"start":{"line":16,"column":0},"end":{"line":16,"column":25}},"16":{"start":{"line":17,"column":0},"end":{"line":17,"column":49}},"17":{"start":{"line":18,"column":0},"end":{"line":18,"column":42}},"18":{"start":{"line":19,"column":0},"end":{"line":19,"column":28}},"19":{"start":{"line":20,"column":0},"end":{"line":20,"column":60}},"20":{"start":{"line":21,"column":0},"end":{"line":21,"column":7}},"21":{"start":{"line":22,"column":0},"end":{"line":22,"column":36}},"22":{"start":{"line":23,"column":0},"end":{"line":23,"column":26}},"23":{"start":{"line":24,"column":0},"end":{"line":24,"column":26}},"24":{"start":{"line":25,"column":0},"end":{"line":25,"column":5}},"25":{"start":{"line":26,"column":0},"end":{"line":26,"column":5}},"27":{"start":{"line":28,"column":0},"end":{"line":28,"column":10}},"28":{"start":{"line":29,"column":0},"end":{"line":29,"column":6}},"29":{"start":{"line":30,"column":0},"end":{"line":30,"column":14}},"30":{"start":{"line":31,"column":0},"end":{"line":31,"column":66}},"31":{"start":{"line":32,"column":0},"end":{"line":32,"column":16}},"32":{"start":{"line":33,"column":0},"end":{"line":33,"column":95}},"33":{"start":{"line":34,"column":0},"end":{"line":34,"column":34}},"34":{"start":{"line":35,"column":0},"end":{"line":35,"column":38}},"35":{"start":{"line":36,"column":0},"end":{"line":36,"column":10}},"37":{"start":{"line":38,"column":0},"end":{"line":38,"column":52}},"38":{"start":{"line":39,"column":0},"end":{"line":39,"column":116}},"39":{"start":{"line":40,"column":0},"end":{"line":40,"column":106}},"40":{"start":{"line":41,"column":0},"end":{"line":41,"column":14}},"41":{"start":{"line":42,"column":0},"end":{"line":42,"column":16}},"43":{"start":{"line":44,"column":0},"end":{"line":44,"column":51}},"44":{"start":{"line":45,"column":0},"end":{"line":45,"column":53}},"45":{"start":{"line":46,"column":0},"end":{"line":46,"column":65}},"46":{"start":{"line":47,"column":0},"end":{"line":47,"column":56}},"47":{"start":{"line":48,"column":0},"end":{"line":48,"column":57}},"48":{"start":{"line":49,"column":0},"end":{"line":49,"column":34}},"49":{"start":{"line":50,"column":0},"end":{"line":50,"column":20}},"50":{"start":{"line":51,"column":0},"end":{"line":51,"column":117}},"51":{"start":{"line":52,"column":0},"end":{"line":52,"column":74}},"53":{"start":{"line":54,"column":0},"end":{"line":54,"column":20}},"54":{"start":{"line":55,"column":0},"end":{"line":55,"column":18}},"55":{"start":{"line":56,"column":0},"end":{"line":56,"column":56}},"56":{"start":{"line":57,"column":0},"end":{"line":57,"column":57}},"57":{"start":{"line":58,"column":0},"end":{"line":58,"column":30}},"58":{"start":{"line":59,"column":0},"end":{"line":59,"column":20}},"59":{"start":{"line":60,"column":0},"end":{"line":60,"column":115}},"60":{"start":{"line":61,"column":0},"end":{"line":61,"column":94}},"61":{"start":{"line":62,"column":0},"end":{"line":62,"column":18}},"62":{"start":{"line":63,"column":0},"end":{"line":63,"column":56}},"63":{"start":{"line":64,"column":0},"end":{"line":64,"column":57}},"64":{"start":{"line":65,"column":0},"end":{"line":65,"column":30}},"65":{"start":{"line":66,"column":0},"end":{"line":66,"column":20}},"66":{"start":{"line":67,"column":0},"end":{"line":67,"column":115}},"67":{"start":{"line":68,"column":0},"end":{"line":68,"column":97}},"68":{"start":{"line":69,"column":0},"end":{"line":69,"column":18}},"69":{"start":{"line":70,"column":0},"end":{"line":70,"column":56}},"70":{"start":{"line":71,"column":0},"end":{"line":71,"column":57}},"71":{"start":{"line":72,"column":0},"end":{"line":72,"column":27}},"72":{"start":{"line":73,"column":0},"end":{"line":73,"column":20}},"73":{"start":{"line":74,"column":0},"end":{"line":74,"column":117}},"74":{"start":{"line":75,"column":0},"end":{"line":75,"column":92}},"75":{"start":{"line":76,"column":0},"end":{"line":76,"column":18}},"76":{"start":{"line":77,"column":0},"end":{"line":77,"column":16}},"78":{"start":{"line":79,"column":0},"end":{"line":79,"column":68}},"79":{"start":{"line":80,"column":0},"end":{"line":80,"column":99}},"80":{"start":{"line":81,"column":0},"end":{"line":81,"column":21}},"81":{"start":{"line":82,"column":0},"end":{"line":82,"column":35}},"82":{"start":{"line":83,"column":0},"end":{"line":83,"column":41}},"83":{"start":{"line":84,"column":0},"end":{"line":84,"column":30}},"84":{"start":{"line":85,"column":0},"end":{"line":85,"column":59}},"85":{"start":{"line":86,"column":0},"end":{"line":86,"column":86}},"86":{"start":{"line":87,"column":0},"end":{"line":87,"column":16}},"87":{"start":{"line":88,"column":0},"end":{"line":88,"column":18}},"89":{"start":{"line":90,"column":0},"end":{"line":90,"column":73}},"90":{"start":{"line":91,"column":0},"end":{"line":91,"column":84}},"91":{"start":{"line":92,"column":0},"end":{"line":92,"column":21}},"92":{"start":{"line":93,"column":0},"end":{"line":93,"column":64}},"94":{"start":{"line":95,"column":0},"end":{"line":95,"column":26}},"95":{"start":{"line":96,"column":0},"end":{"line":96,"column":24}},"96":{"start":{"line":97,"column":0},"end":{"line":97,"column":33}},"97":{"start":{"line":98,"column":0},"end":{"line":98,"column":35}},"98":{"start":{"line":99,"column":0},"end":{"line":99,"column":31}},"99":{"start":{"line":100,"column":0},"end":{"line":100,"column":50}},"100":{"start":{"line":101,"column":0},"end":{"line":101,"column":50}},"101":{"start":{"line":102,"column":0},"end":{"line":102,"column":46}},"102":{"start":{"line":103,"column":0},"end":{"line":103,"column":199}},"103":{"start":{"line":104,"column":0},"end":{"line":104,"column":42}},"104":{"start":{"line":105,"column":0},"end":{"line":105,"column":93}},"105":{"start":{"line":106,"column":0},"end":{"line":106,"column":119}},"106":{"start":{"line":107,"column":0},"end":{"line":107,"column":43}},"107":{"start":{"line":108,"column":0},"end":{"line":108,"column":20}},"108":{"start":{"line":109,"column":0},"end":{"line":109,"column":72}},"109":{"start":{"line":110,"column":0},"end":{"line":110,"column":94}},"110":{"start":{"line":111,"column":0},"end":{"line":111,"column":46}},"111":{"start":{"line":112,"column":0},"end":{"line":112,"column":24}},"112":{"start":{"line":113,"column":0},"end":{"line":113,"column":27}},"113":{"start":{"line":114,"column":0},"end":{"line":114,"column":22}},"115":{"start":{"line":116,"column":0},"end":{"line":116,"column":21}},"116":{"start":{"line":117,"column":0},"end":{"line":117,"column":61}},"118":{"start":{"line":119,"column":0},"end":{"line":119,"column":26}},"119":{"start":{"line":120,"column":0},"end":{"line":120,"column":24}},"120":{"start":{"line":121,"column":0},"end":{"line":121,"column":30}},"121":{"start":{"line":122,"column":0},"end":{"line":122,"column":32}},"122":{"start":{"line":123,"column":0},"end":{"line":123,"column":32}},"123":{"start":{"line":124,"column":0},"end":{"line":124,"column":47}},"124":{"start":{"line":125,"column":0},"end":{"line":125,"column":50}},"125":{"start":{"line":126,"column":0},"end":{"line":126,"column":46}},"126":{"start":{"line":127,"column":0},"end":{"line":127,"column":199}},"127":{"start":{"line":128,"column":0},"end":{"line":128,"column":43}},"128":{"start":{"line":129,"column":0},"end":{"line":129,"column":87}},"129":{"start":{"line":130,"column":0},"end":{"line":130,"column":110}},"130":{"start":{"line":131,"column":0},"end":{"line":131,"column":44}},"131":{"start":{"line":132,"column":0},"end":{"line":132,"column":20}},"132":{"start":{"line":133,"column":0},"end":{"line":133,"column":66}},"133":{"start":{"line":134,"column":0},"end":{"line":134,"column":91}},"134":{"start":{"line":135,"column":0},"end":{"line":135,"column":43}},"135":{"start":{"line":136,"column":0},"end":{"line":136,"column":24}},"136":{"start":{"line":137,"column":0},"end":{"line":137,"column":27}},"137":{"start":{"line":138,"column":0},"end":{"line":138,"column":22}},"139":{"start":{"line":140,"column":0},"end":{"line":140,"column":21}},"140":{"start":{"line":141,"column":0},"end":{"line":141,"column":63}},"142":{"start":{"line":143,"column":0},"end":{"line":143,"column":26}},"143":{"start":{"line":144,"column":0},"end":{"line":144,"column":24}},"144":{"start":{"line":145,"column":0},"end":{"line":145,"column":32}},"145":{"start":{"line":146,"column":0},"end":{"line":146,"column":34}},"146":{"start":{"line":147,"column":0},"end":{"line":147,"column":31}},"147":{"start":{"line":148,"column":0},"end":{"line":148,"column":49}},"148":{"start":{"line":149,"column":0},"end":{"line":149,"column":50}},"149":{"start":{"line":150,"column":0},"end":{"line":150,"column":46}},"150":{"start":{"line":151,"column":0},"end":{"line":151,"column":199}},"151":{"start":{"line":152,"column":0},"end":{"line":152,"column":40}},"152":{"start":{"line":153,"column":0},"end":{"line":153,"column":116}},"153":{"start":{"line":154,"column":0},"end":{"line":154,"column":41}},"154":{"start":{"line":155,"column":0},"end":{"line":155,"column":20}},"155":{"start":{"line":156,"column":0},"end":{"line":156,"column":70}},"156":{"start":{"line":157,"column":0},"end":{"line":157,"column":93}},"157":{"start":{"line":158,"column":0},"end":{"line":158,"column":45}},"158":{"start":{"line":159,"column":0},"end":{"line":159,"column":24}},"159":{"start":{"line":160,"column":0},"end":{"line":160,"column":27}},"160":{"start":{"line":161,"column":0},"end":{"line":161,"column":22}},"162":{"start":{"line":163,"column":0},"end":{"line":163,"column":21}},"163":{"start":{"line":164,"column":0},"end":{"line":164,"column":63}},"165":{"start":{"line":166,"column":0},"end":{"line":166,"column":26}},"166":{"start":{"line":167,"column":0},"end":{"line":167,"column":27}},"167":{"start":{"line":168,"column":0},"end":{"line":168,"column":32}},"168":{"start":{"line":169,"column":0},"end":{"line":169,"column":34}},"169":{"start":{"line":170,"column":0},"end":{"line":170,"column":28}},"170":{"start":{"line":171,"column":0},"end":{"line":171,"column":49}},"171":{"start":{"line":172,"column":0},"end":{"line":172,"column":50}},"172":{"start":{"line":173,"column":0},"end":{"line":173,"column":46}},"173":{"start":{"line":174,"column":0},"end":{"line":174,"column":171}},"174":{"start":{"line":175,"column":0},"end":{"line":175,"column":40}},"175":{"start":{"line":176,"column":0},"end":{"line":176,"column":91}},"176":{"start":{"line":177,"column":0},"end":{"line":177,"column":116}},"177":{"start":{"line":178,"column":0},"end":{"line":178,"column":41}},"178":{"start":{"line":179,"column":0},"end":{"line":179,"column":20}},"179":{"start":{"line":180,"column":0},"end":{"line":180,"column":70}},"180":{"start":{"line":181,"column":0},"end":{"line":181,"column":93}},"181":{"start":{"line":182,"column":0},"end":{"line":182,"column":45}},"182":{"start":{"line":183,"column":0},"end":{"line":183,"column":24}},"183":{"start":{"line":184,"column":0},"end":{"line":184,"column":27}},"184":{"start":{"line":185,"column":0},"end":{"line":185,"column":22}},"186":{"start":{"line":187,"column":0},"end":{"line":187,"column":23}},"187":{"start":{"line":188,"column":0},"end":{"line":188,"column":31}},"188":{"start":{"line":189,"column":0},"end":{"line":189,"column":219}},"189":{"start":{"line":190,"column":0},"end":{"line":190,"column":48}},"190":{"start":{"line":191,"column":0},"end":{"line":191,"column":17}},"192":{"start":{"line":193,"column":0},"end":{"line":193,"column":25}},"193":{"start":{"line":194,"column":0},"end":{"line":194,"column":21}},"194":{"start":{"line":195,"column":0},"end":{"line":195,"column":18}},"195":{"start":{"line":196,"column":0},"end":{"line":196,"column":16}},"196":{"start":{"line":197,"column":0},"end":{"line":197,"column":14}},"197":{"start":{"line":198,"column":0},"end":{"line":198,"column":16}},"198":{"start":{"line":199,"column":0},"end":{"line":199,"column":7}},"200":{"start":{"line":201,"column":0},"end":{"line":201,"column":2}},"202":{"start":{"line":203,"column":0},"end":{"line":203,"column":23}}},"s":{"0":1,"1":1,"2":1,"3":1,"5":1,"6":72,"7":72,"8":72,"9":72,"10":72,"11":72,"12":72,"13":72,"14":72,"15":72,"16":72,"17":72,"18":72,"19":72,"20":72,"21":72,"22":1,"23":1,"24":1,"25":72,"27":72,"28":72,"29":72,"30":72,"31":72,"32":72,"33":72,"34":72,"35":72,"37":72,"38":72,"39":72,"40":72,"41":72,"43":72,"44":72,"45":72,"46":72,"47":72,"48":72,"49":72,"50":72,"51":72,"53":72,"54":72,"55":72,"56":72,"57":72,"58":72,"59":72,"60":72,"61":72,"62":72,"63":72,"64":72,"65":72,"66":72,"67":72,"68":72,"69":72,"70":72,"71":72,"72":72,"73":72,"74":72,"75":72,"76":72,"78":72,"79":72,"80":72,"81":72,"82":72,"83":72,"84":72,"85":72,"86":72,"87":72,"89":72,"90":72,"91":72,"92":72,"94":72,"95":72,"96":72,"97":72,"98":72,"99":72,"100":72,"101":72,"102":72,"103":72,"104":72,"105":72,"106":72,"107":72,"108":72,"109":1,"110":1,"111":1,"112":71,"113":72,"115":72,"116":72,"118":72,"119":72,"120":72,"121":72,"122":72,"123":72,"124":72,"125":72,"126":72,"127":72,"128":72,"129":72,"130":72,"131":72,"132":72,"133":1,"134":1,"135":1,"136":71,"137":72,"139":72,"140":72,"142":72,"143":72,"144":72,"145":72,"146":72,"147":72,"148":72,"149":72,"150":72,"151":72,"152":72,"153":72,"154":72,"155":72,"156":0,"157":0,"158":0,"159":72,"160":72,"162":72,"163":72,"165":72,"166":72,"167":72,"168":72,"169":72,"170":72,"171":72,"172":72,"173":72,"174":72,"175":72,"176":72,"177":72,"178":72,"179":72,"180":1,"181":1,"182":1,"183":71,"184":72,"186":72,"187":72,"188":72,"189":72,"190":72,"192":72,"193":72,"194":72,"195":72,"196":72,"197":72,"198":72,"200":72,"202":1},"branchMap":{"0":{"type":"branch","line":6,"loc":{"start":{"line":6,"column":16},"end":{"line":201,"column":2}},"locations":[{"start":{"line":6,"column":16},"end":{"line":201,"column":2}}]},"1":{"type":"branch","line":105,"loc":{"start":{"line":105,"column":57},"end":{"line":105,"column":91}},"locations":[{"start":{"line":105,"column":57},"end":{"line":105,"column":91}}]},"2":{"type":"branch","line":106,"loc":{"start":{"line":106,"column":53},"end":{"line":106,"column":90}},"locations":[{"start":{"line":106,"column":53},"end":{"line":106,"column":90}}]},"3":{"type":"branch","line":106,"loc":{"start":{"line":106,"column":79},"end":{"line":106,"column":109}},"locations":[{"start":{"line":106,"column":79},"end":{"line":106,"column":109}}]},"4":{"type":"branch","line":106,"loc":{"start":{"line":106,"column":90},"end":{"line":106,"column":119}},"locations":[{"start":{"line":106,"column":90},"end":{"line":106,"column":119}}]},"5":{"type":"branch","line":109,"loc":{"start":{"line":109,"column":34},"end":{"line":109,"column":72}},"locations":[{"start":{"line":109,"column":34},"end":{"line":109,"column":72}}]},"6":{"type":"branch","line":109,"loc":{"start":{"line":109,"column":60},"end":{"line":112,"column":24}},"locations":[{"start":{"line":109,"column":60},"end":{"line":112,"column":24}}]},"7":{"type":"branch","line":112,"loc":{"start":{"line":112,"column":20},"end":{"line":113,"column":27}},"locations":[{"start":{"line":112,"column":20},"end":{"line":113,"column":27}}]},"8":{"type":"branch","line":129,"loc":{"start":{"line":129,"column":57},"end":{"line":129,"column":85}},"locations":[{"start":{"line":129,"column":57},"end":{"line":129,"column":85}}]},"9":{"type":"branch","line":130,"loc":{"start":{"line":130,"column":53},"end":{"line":130,"column":84}},"locations":[{"start":{"line":130,"column":53},"end":{"line":130,"column":84}}]},"10":{"type":"branch","line":130,"loc":{"start":{"line":130,"column":76},"end":{"line":130,"column":100}},"locations":[{"start":{"line":130,"column":76},"end":{"line":130,"column":100}}]},"11":{"type":"branch","line":130,"loc":{"start":{"line":130,"column":84},"end":{"line":130,"column":110}},"locations":[{"start":{"line":130,"column":84},"end":{"line":130,"column":110}}]},"12":{"type":"branch","line":133,"loc":{"start":{"line":133,"column":34},"end":{"line":133,"column":66}},"locations":[{"start":{"line":133,"column":34},"end":{"line":133,"column":66}}]},"13":{"type":"branch","line":133,"loc":{"start":{"line":133,"column":57},"end":{"line":136,"column":24}},"locations":[{"start":{"line":133,"column":57},"end":{"line":136,"column":24}}]},"14":{"type":"branch","line":136,"loc":{"start":{"line":136,"column":20},"end":{"line":137,"column":27}},"locations":[{"start":{"line":136,"column":20},"end":{"line":137,"column":27}}]},"15":{"type":"branch","line":153,"loc":{"start":{"line":153,"column":53},"end":{"line":153,"column":88}},"locations":[{"start":{"line":153,"column":53},"end":{"line":153,"column":88}}]},"16":{"type":"branch","line":153,"loc":{"start":{"line":153,"column":78},"end":{"line":153,"column":106}},"locations":[{"start":{"line":153,"column":78},"end":{"line":153,"column":106}}]},"17":{"type":"branch","line":156,"loc":{"start":{"line":156,"column":34},"end":{"line":156,"column":70}},"locations":[{"start":{"line":156,"column":34},"end":{"line":156,"column":70}}]},"18":{"type":"branch","line":156,"loc":{"start":{"line":156,"column":59},"end":{"line":159,"column":24}},"locations":[{"start":{"line":156,"column":59},"end":{"line":159,"column":24}}]},"19":{"type":"branch","line":176,"loc":{"start":{"line":176,"column":57},"end":{"line":176,"column":89}},"locations":[{"start":{"line":176,"column":57},"end":{"line":176,"column":89}}]},"20":{"type":"branch","line":177,"loc":{"start":{"line":177,"column":53},"end":{"line":177,"column":88}},"locations":[{"start":{"line":177,"column":53},"end":{"line":177,"column":88}}]},"21":{"type":"branch","line":177,"loc":{"start":{"line":177,"column":78},"end":{"line":177,"column":106}},"locations":[{"start":{"line":177,"column":78},"end":{"line":177,"column":106}}]},"22":{"type":"branch","line":177,"loc":{"start":{"line":177,"column":88},"end":{"line":177,"column":116}},"locations":[{"start":{"line":177,"column":88},"end":{"line":177,"column":116}}]},"23":{"type":"branch","line":180,"loc":{"start":{"line":180,"column":34},"end":{"line":180,"column":70}},"locations":[{"start":{"line":180,"column":34},"end":{"line":180,"column":70}}]},"24":{"type":"branch","line":180,"loc":{"start":{"line":180,"column":59},"end":{"line":183,"column":24}},"locations":[{"start":{"line":180,"column":59},"end":{"line":183,"column":24}}]},"25":{"type":"branch","line":183,"loc":{"start":{"line":183,"column":20},"end":{"line":184,"column":27}},"locations":[{"start":{"line":183,"column":20},"end":{"line":184,"column":27}}]},"26":{"type":"branch","line":22,"loc":{"start":{"line":22,"column":14},"end":{"line":25,"column":5}},"locations":[{"start":{"line":22,"column":14},"end":{"line":25,"column":5}}]}},"b":{"0":[72],"1":[50],"2":[50],"3":[1],"4":[71],"5":[50],"6":[1],"7":[71],"8":[16],"9":[16],"10":[1],"11":[71],"12":[16],"13":[1],"14":[71],"15":[3],"16":[0],"17":[3],"18":[0],"19":[4],"20":[4],"21":[1],"22":[71],"23":[4],"24":[1],"25":[71],"26":[1]},"fnMap":{"0":{"name":"Contact","decl":{"start":{"line":6,"column":16},"end":{"line":201,"column":2}},"loc":{"start":{"line":6,"column":16},"end":{"line":201,"column":2}},"line":6},"1":{"name":"onSubmit","decl":{"start":{"line":22,"column":14},"end":{"line":25,"column":5}},"loc":{"start":{"line":22,"column":14},"end":{"line":25,"column":5}},"line":22}},"f":{"0":72,"1":1}}
}
